<?xml version="1.0" encoding="UTF-8"?>
<testng-results ignored="0" total="1" passed="1" failed="0" skipped="0">
  <reporter-output>
  </reporter-output>
  <suite started-at="2022-05-04T17:55:57 IST" name="Command line suite" finished-at="2022-05-04T17:55:57 IST" duration-ms="33">
    <groups>
    </groups>
    <test started-at="2022-05-04T17:55:57 IST" name="Command line test" finished-at="2022-05-04T17:55:57 IST" duration-ms="33">
      <class name="avactis.testproject.AppTest">
        <test-method signature="testApp()[pri:0, instance:testApp(avactis.testproject.AppTest)]" started-at="2022-05-04T17:55:57 IST" name="testApp" finished-at="2022-05-04T17:55:57 IST" duration-ms="2" status="PASS">
          <reporter-output>
          </reporter-output>
        </test-method> <!-- testApp -->
      </class> <!-- avactis.testproject.AppTest -->
    </test> <!-- Command line test -->
  </suite> <!-- Command line suite -->
</testng-results>
