<?xml version="1.0" encoding="UTF-8"?>
<testng-results ignored="0" total="1" passed="1" failed="0" skipped="0">
  <reporter-output>
  </reporter-output>
  <suite started-at="2022-05-04T17:55:32 IST" name="Command line suite" finished-at="2022-05-04T17:55:56 IST" duration-ms="24232">
    <groups>
    </groups>
    <test started-at="2022-05-04T17:55:32 IST" name="Command line test" finished-at="2022-05-04T17:55:56 IST" duration-ms="24232">
      <class name="avactis.testproject.RegistrationTest">
        <test-method signature="register()[pri:0, instance:avactis.testproject.RegistrationTest@10683d9d]" started-at="2022-05-04T17:55:32 IST" name="register" finished-at="2022-05-04T17:55:56 IST" duration-ms="24139" status="PASS">
          <reporter-output>
          </reporter-output>
        </test-method> <!-- register -->
      </class> <!-- avactis.testproject.RegistrationTest -->
    </test> <!-- Command line test -->
  </suite> <!-- Command line suite -->
</testng-results>
