<?xml version="1.0" encoding="UTF-8"?>
<testng-results ignored="0" total="1" passed="1" failed="0" skipped="0">
  <reporter-output>
  </reporter-output>
  <suite started-at="2022-05-04T18:05:31 IST" name="avactis.testproject.RegistrationTest" finished-at="2022-05-04T18:05:50 IST" duration-ms="19389">
    <groups>
    </groups>
    <test started-at="2022-05-04T18:05:31 IST" name="Command line test" finished-at="2022-05-04T18:05:50 IST" duration-ms="19389">
      <class name="avactis.testproject.RegistrationTest">
        <test-method signature="register()[pri:0, instance:avactis.testproject.RegistrationTest@3b69e7d1]" started-at="2022-05-04T18:05:31 IST" name="register" finished-at="2022-05-04T18:05:50 IST" duration-ms="19315" status="PASS">
          <reporter-output>
          </reporter-output>
        </test-method> <!-- register -->
      </class> <!-- avactis.testproject.RegistrationTest -->
    </test> <!-- Command line test -->
  </suite> <!-- avactis.testproject.RegistrationTest -->
</testng-results>
