<?xml version="1.0" encoding="UTF-8"?>
<testng-results ignored="0" total="1" passed="1" failed="0" skipped="0">
  <reporter-output>
  </reporter-output>
  <suite started-at="2022-05-04T17:17:28 IST" name="Default suite" finished-at="2022-05-04T17:17:46 IST" duration-ms="17631">
    <groups>
    </groups>
    <test started-at="2022-05-04T17:17:28 IST" name="Default test" finished-at="2022-05-04T17:17:46 IST" duration-ms="17631">
      <class name="avactis.testproject.RegistrationTest">
        <test-method signature="register()[pri:0, instance:avactis.testproject.RegistrationTest@441772e]" started-at="2022-05-04T17:17:28 IST" name="register" finished-at="2022-05-04T17:17:46 IST" duration-ms="17554" status="PASS">
          <reporter-output>
          </reporter-output>
        </test-method> <!-- register -->
      </class> <!-- avactis.testproject.RegistrationTest -->
    </test> <!-- Default test -->
  </suite> <!-- Default suite -->
</testng-results>
